10. Printing statistics.

=== $paramod$3aa34589dd6fda3461920f7abd0c7e6b1c480361\picorv32 ===

        +----------Local Count, excluding submodules.
        | 
     7581 wires
    10116 wire bits
      178 public wires
     2298 public wire bits
       27 ports
      409 port bits
     9356 cells
      238   $_ANDNOT_
     1559   $_AND_
        4   $_DFFE_PN_
     1201   $_DFFE_PP_
       87   $_DFF_P_
     1499   $_MUX_
     2414   $_NAND_
      291   $_NOR_
       25   $_NOT_
      725   $_ORNOT_
      704   $_OR_
       31   $_SDFFCE_PN0P_
        9   $_SDFFCE_PP0P_
      155   $_SDFFE_PN0P_
        1   $_SDFFE_PP0P_
        3   $_SDFFE_PP1P_
       66   $_SDFF_PN0_
        1   $_SDFF_PP0_
      130   $_XNOR_
      213   $_XOR_

=== soc ===

        +----------Local Count, excluding submodules.
        | 
    73389 wires
   105662 wire bits
     1066 public wires
    33308 public wire bits
        5 ports
        5 port bits
   105192 cells
       26   $_ANDNOT_
    39325   $_AND_
       32   $_DFFE_PN0P_
    32768   $_DFFE_PP_
        2   $_DFF_PN0_
    32826   $_NAND_
      141   $_NOR_
       47   $_ORNOT_
       25   $_OR_
        3 submodules
        1   $paramod$3aa34589dd6fda3461920f7abd0c7e6b1c480361\picorv32
        1   fir_filter
        1   hpc_regfile

=== hpc_regfile ===

        +----------Local Count, excluding submodules.
        | 
       22 wires
      154 wire bits
       18 public wires
      150 public wire bits
       13 ports
       83 port bits
       37 cells
        2   $_ANDNOT_
        2   $_AND_
       32   $_MUX_
        1   $_OR_
        2 submodules
        1   crc16_ibm
        1   uart_dynamixel

=== uart_dynamixel ===

        +----------Local Count, excluding submodules.
        | 
      738 wires
     1194 wire bits
       61 public wires
      407 public wire bits
       13 ports
       83 port bits
     1046 cells
       66   $_ANDNOT_
      307   $_AND_
      193   $_DFFE_PN0P_
       14   $_DFFE_PN1P_
       36   $_DFF_PN0_
        3   $_DFF_PN1_
       12   $_MUX_
      180   $_NAND_
       33   $_NOR_
        3   $_NOT_
       25   $_ORNOT_
       34   $_OR_
       73   $_XNOR_
       67   $_XOR_

=== crc16_ibm ===

        +----------Local Count, excluding submodules.
        | 
       75 wires
      325 wire bits
       22 public wires
      257 public wire bits
       10 ports
       80 port bits
      102 cells
        3   $_ANDNOT_
       54   $_AND_
       16   $_DFFE_PN0P_
        1   $_DFF_PN0_
        1   $_NAND_
        2   $_NOR_
        1   $_ORNOT_
       19   $_XNOR_
        5   $_XOR_

=== fir_filter ===

        +----------Local Count, excluding submodules.
        | 
     5539 wires
     7232 wire bits
       90 public wires
     1252 public wire bits
       16 ports
      116 port bits
     7102 cells
       68   $_ANDNOT_
     2504   $_AND_
      930   $_DFFE_PN0P_
      172   $_DFFE_PN1P_
        1   $_DFF_PN0_
       25   $_MUX_
     2573   $_NAND_
       15   $_NOR_
        2   $_NOT_
       47   $_ORNOT_
       72   $_OR_
      132   $_XNOR_
      561   $_XOR_

=== design hierarchy ===

        +----------Count including submodules.
        | 
   122835 soc
     9356 $paramod$3aa34589dd6fda3461920f7abd0c7e6b1c480361\picorv32
     7102 fir_filter
       37 hpc_regfile
      102   crc16_ibm
     1046   uart_dynamixel

        +----------Count including submodules.
        | 
    87344 wires
   124683 wire bits
     1435 public wires
    37672 public wire bits
       84 ports
      776 port bits
        - memories
        - memory bits
        - processes
   122835 cells
      403   $_ANDNOT_
    43751   $_AND_
     1171   $_DFFE_PN0P_
      186   $_DFFE_PN1P_
        4   $_DFFE_PN_
    33969   $_DFFE_PP_
       40   $_DFF_PN0_
        3   $_DFF_PN1_
       87   $_DFF_P_
     1568   $_MUX_
    37994   $_NAND_
      482   $_NOR_
       30   $_NOT_
      845   $_ORNOT_
      836   $_OR_
       31   $_SDFFCE_PN0P_
        9   $_SDFFCE_PP0P_
      155   $_SDFFE_PN0P_
        1   $_SDFFE_PP0P_
        3   $_SDFFE_PP1P_
       66   $_SDFF_PN0_
        1   $_SDFF_PP0_
      354   $_XNOR_
      846   $_XOR_
        3 submodules
        1   $paramod$3aa34589dd6fda3461920f7abd0c7e6b1c480361\picorv32
        1   fir_filter
        1   hpc_regfile

